Generated at 2013-08-23 12:14:17 +0300
SystemExit: bash[install rvm] (devtrac2::default line 14) had an error: SystemExit: exit
/Users/Thoughtworker/.rvm/rubies/ruby-2.0.0-p195/lib/ruby/gems/2.0.0/gems/mixlib-shellout-1.2.0/lib/mixlib/shellout/unix.rb:60:in `select'
/Users/Thoughtworker/.rvm/rubies/ruby-2.0.0-p195/lib/ruby/gems/2.0.0/gems/mixlib-shellout-1.2.0/lib/mixlib/shellout/unix.rb:60:in `run_command'
/Users/Thoughtworker/.rvm/rubies/ruby-2.0.0-p195/lib/ruby/gems/2.0.0/gems/mixlib-shellout-1.2.0/lib/mixlib/shellout.rb:225:in `run_command'
/Users/Thoughtworker/.rvm/rubies/ruby-2.0.0-p195/lib/ruby/gems/2.0.0/gems/chef-11.6.0/lib/chef/mixin/shell_out.rb:30:in `shell_out'
/Users/Thoughtworker/.rvm/rubies/ruby-2.0.0-p195/lib/ruby/gems/2.0.0/gems/chef-11.6.0/lib/chef/mixin/shell_out.rb:35:in `shell_out!'
/Users/Thoughtworker/.rvm/rubies/ruby-2.0.0-p195/lib/ruby/gems/2.0.0/gems/chef-11.6.0/lib/chef/provider/execute.rb:60:in `block in action_run'
/Users/Thoughtworker/.rvm/rubies/ruby-2.0.0-p195/lib/ruby/gems/2.0.0/gems/chef-11.6.0/lib/chef/mixin/why_run.rb:52:in `call'
/Users/Thoughtworker/.rvm/rubies/ruby-2.0.0-p195/lib/ruby/gems/2.0.0/gems/chef-11.6.0/lib/chef/mixin/why_run.rb:52:in `add_action'
/Users/Thoughtworker/.rvm/rubies/ruby-2.0.0-p195/lib/ruby/gems/2.0.0/gems/chef-11.6.0/lib/chef/provider.rb:149:in `converge_by'
/Users/Thoughtworker/.rvm/rubies/ruby-2.0.0-p195/lib/ruby/gems/2.0.0/gems/chef-11.6.0/lib/chef/provider/execute.rb:59:in `action_run'
/Users/Thoughtworker/.rvm/rubies/ruby-2.0.0-p195/lib/ruby/gems/2.0.0/gems/chef-11.6.0/lib/chef/provider/script.rb:38:in `action_run'
/Users/Thoughtworker/.rvm/rubies/ruby-2.0.0-p195/lib/ruby/gems/2.0.0/gems/chef-11.6.0/lib/chef/provider.rb:114:in `run_action'
/Users/Thoughtworker/.rvm/rubies/ruby-2.0.0-p195/lib/ruby/gems/2.0.0/gems/chef-11.6.0/lib/chef/resource.rb:625:in `run_action'
/Users/Thoughtworker/.rvm/rubies/ruby-2.0.0-p195/lib/ruby/gems/2.0.0/gems/chef-11.6.0/lib/chef/runner.rb:49:in `run_action'
/Users/Thoughtworker/.rvm/rubies/ruby-2.0.0-p195/lib/ruby/gems/2.0.0/gems/chef-11.6.0/lib/chef/runner.rb:81:in `block (2 levels) in converge'
/Users/Thoughtworker/.rvm/rubies/ruby-2.0.0-p195/lib/ruby/gems/2.0.0/gems/chef-11.6.0/lib/chef/runner.rb:81:in `each'
/Users/Thoughtworker/.rvm/rubies/ruby-2.0.0-p195/lib/ruby/gems/2.0.0/gems/chef-11.6.0/lib/chef/runner.rb:81:in `block in converge'
/Users/Thoughtworker/.rvm/rubies/ruby-2.0.0-p195/lib/ruby/gems/2.0.0/gems/chef-11.6.0/lib/chef/resource_collection.rb:98:in `block in execute_each_resource'
/Users/Thoughtworker/.rvm/rubies/ruby-2.0.0-p195/lib/ruby/gems/2.0.0/gems/chef-11.6.0/lib/chef/resource_collection/stepable_iterator.rb:116:in `call'
/Users/Thoughtworker/.rvm/rubies/ruby-2.0.0-p195/lib/ruby/gems/2.0.0/gems/chef-11.6.0/lib/chef/resource_collection/stepable_iterator.rb:116:in `call_iterator_block'
/Users/Thoughtworker/.rvm/rubies/ruby-2.0.0-p195/lib/ruby/gems/2.0.0/gems/chef-11.6.0/lib/chef/resource_collection/stepable_iterator.rb:85:in `step'
/Users/Thoughtworker/.rvm/rubies/ruby-2.0.0-p195/lib/ruby/gems/2.0.0/gems/chef-11.6.0/lib/chef/resource_collection/stepable_iterator.rb:104:in `iterate'
/Users/Thoughtworker/.rvm/rubies/ruby-2.0.0-p195/lib/ruby/gems/2.0.0/gems/chef-11.6.0/lib/chef/resource_collection/stepable_iterator.rb:55:in `each_with_index'
/Users/Thoughtworker/.rvm/rubies/ruby-2.0.0-p195/lib/ruby/gems/2.0.0/gems/chef-11.6.0/lib/chef/resource_collection.rb:96:in `execute_each_resource'
/Users/Thoughtworker/.rvm/rubies/ruby-2.0.0-p195/lib/ruby/gems/2.0.0/gems/chef-11.6.0/lib/chef/runner.rb:80:in `converge'
/Users/Thoughtworker/.rvm/rubies/ruby-2.0.0-p195/lib/ruby/gems/2.0.0/gems/chef-11.6.0/lib/chef/client.rb:429:in `converge'
/Users/Thoughtworker/.rvm/rubies/ruby-2.0.0-p195/lib/ruby/gems/2.0.0/gems/chef-11.6.0/lib/chef/client.rb:494:in `do_run'
/Users/Thoughtworker/.rvm/rubies/ruby-2.0.0-p195/lib/ruby/gems/2.0.0/gems/chef-11.6.0/lib/chef/client.rb:199:in `block in run'
/Users/Thoughtworker/.rvm/rubies/ruby-2.0.0-p195/lib/ruby/gems/2.0.0/gems/chef-11.6.0/lib/chef/client.rb:193:in `fork'
/Users/Thoughtworker/.rvm/rubies/ruby-2.0.0-p195/lib/ruby/gems/2.0.0/gems/chef-11.6.0/lib/chef/client.rb:193:in `run'
/Users/Thoughtworker/.rvm/rubies/ruby-2.0.0-p195/lib/ruby/gems/2.0.0/gems/chef-11.6.0/lib/chef/application.rb:183:in `run_chef_client'
/Users/Thoughtworker/.rvm/rubies/ruby-2.0.0-p195/lib/ruby/gems/2.0.0/gems/chef-11.6.0/lib/chef/application/solo.rb:239:in `block in run_application'
/Users/Thoughtworker/.rvm/rubies/ruby-2.0.0-p195/lib/ruby/gems/2.0.0/gems/chef-11.6.0/lib/chef/application/solo.rb:231:in `loop'
/Users/Thoughtworker/.rvm/rubies/ruby-2.0.0-p195/lib/ruby/gems/2.0.0/gems/chef-11.6.0/lib/chef/application/solo.rb:231:in `run_application'
/Users/Thoughtworker/.rvm/rubies/ruby-2.0.0-p195/lib/ruby/gems/2.0.0/gems/chef-11.6.0/lib/chef/application.rb:66:in `run'
/Users/Thoughtworker/.rvm/rubies/ruby-2.0.0-p195/lib/ruby/gems/2.0.0/gems/chef-11.6.0/bin/chef-solo:25:in `<top (required)>'
/Users/Thoughtworker/.rvm/gems/ruby-2.0.0-p195@provision/bin/chef-solo:23:in `load'
/Users/Thoughtworker/.rvm/gems/ruby-2.0.0-p195@provision/bin/chef-solo:23:in `<main>'
/Users/Thoughtworker/.rvm/gems/ruby-2.0.0-p195@provision/bin/ruby_noexec_wrapper:14:in `eval'
/Users/Thoughtworker/.rvm/gems/ruby-2.0.0-p195@provision/bin/ruby_noexec_wrapper:14:in `<main>'